<?xml version="1.0" encoding="UTF-8"?>
<!-- Generated by org.testng.reporters.JUnitReportReporter -->
<testsuite hostname="AzadSingh" failures="1" tests="2" name="cucumberOptions.TestNGRunner" time="19.302" errors="0" timestamp="2023-11-26T18:52:51 IST" skipped="0">
  <testcase classname="cucumberOptions.TestNGRunner" name="runScenario" time="10.228"/>
  <testcase classname="cucumberOptions.TestNGRunner" name="runScenario" time="9.074">
    <failure message="expected [Beetroot] but found [No data]" type="java.lang.AssertionError">
      <![CDATA[java.lang.AssertionError: expected [Beetroot] but found [No data]
at org.testng.Assert.fail(Assert.java:111)
at org.testng.Assert.failNotEquals(Assert.java:1578)
at org.testng.Assert.assertEqualsImpl(Assert.java:150)
at org.testng.Assert.assertEquals(Assert.java:132)
at org.testng.Assert.assertEquals(Assert.java:656)
at org.testng.Assert.assertEquals(Assert.java:666)
at stepDefinitions.OfferPageStepDefinition.Validate_product_name_in_offers_page_matches_with_Landing_page(OfferPageStepDefinition.java:49)
at ✽.Validate product name in offers page matches with Landing page(file:///C:/UdemySeleniumCertificate/CucmberFramework1/src/test/java/features/searchProduct.feature:15)
]]>
    </failure>
  </testcase> <!-- runScenario -->
</testsuite> <!-- cucumberOptions.TestNGRunner -->
